c:\users\kiera\onedrive\documents\visual studio 2017\projects\bradycodechallenge\bradycodechallenge\debug\vc141.pdb
c:\users\kiera\onedrive\documents\visual studio 2017\projects\bradycodechallenge\bradycodechallenge\debug\.netframework,version=v4.0.assemblyattributes.obj
c:\users\kiera\onedrive\documents\visual studio 2017\projects\bradycodechallenge\bradycodechallenge\debug\.netframework,version=v4.0.assemblyattributes.asm
c:\users\kiera\onedrive\documents\visual studio 2017\projects\bradycodechallenge\bradycodechallenge\debug\renewablegenerator.obj
c:\users\kiera\onedrive\documents\visual studio 2017\projects\bradycodechallenge\bradycodechallenge\debug\main.obj
c:\users\kiera\onedrive\documents\visual studio 2017\projects\bradycodechallenge\bradycodechallenge\debug\fossilgenerator.obj
c:\users\kiera\onedrive\documents\visual studio 2017\projects\bradycodechallenge\bradycodechallenge\debug\challenge.obj
c:\users\kiera\onedrive\documents\visual studio 2017\projects\bradycodechallenge\bradycodechallenge\debug\basegenerator.obj
c:\users\kiera\onedrive\documents\visual studio 2017\projects\bradycodechallenge\debug\bradycodechallenge.exe
c:\users\kiera\onedrive\documents\visual studio 2017\projects\bradycodechallenge\debug\bradycodechallenge.pdb
c:\users\kiera\onedrive\documents\visual studio 2017\projects\bradycodechallenge\bradycodechallenge\debug\bradycodechallenge.vcxprojresolveassemblyreference.cache
c:\users\kiera\onedrive\documents\visual studio 2017\projects\bradycodechallenge\bradycodechallenge\debug\vc141.idb
c:\users\kiera\onedrive\documents\visual studio 2017\projects\bradycodechallenge\bradycodechallenge\debug\bradycod.a0f49bf0.tlog\cl.command.1.tlog
c:\users\kiera\onedrive\documents\visual studio 2017\projects\bradycodechallenge\bradycodechallenge\debug\bradycod.a0f49bf0.tlog\cl.read.1.tlog
c:\users\kiera\onedrive\documents\visual studio 2017\projects\bradycodechallenge\bradycodechallenge\debug\bradycod.a0f49bf0.tlog\cl.write.1.tlog
c:\users\kiera\onedrive\documents\visual studio 2017\projects\bradycodechallenge\bradycodechallenge\debug\bradycod.a0f49bf0.tlog\link.command.1.tlog
c:\users\kiera\onedrive\documents\visual studio 2017\projects\bradycodechallenge\bradycodechallenge\debug\bradycod.a0f49bf0.tlog\link.read.1.tlog
c:\users\kiera\onedrive\documents\visual studio 2017\projects\bradycodechallenge\bradycodechallenge\debug\bradycod.a0f49bf0.tlog\link.write.1.tlog
c:\users\kiera\onedrive\documents\visual studio 2017\projects\bradycodechallenge\bradycodechallenge\debug\bradycod.a0f49bf0.tlog\metagen.read.1.tlog
c:\users\kiera\onedrive\documents\visual studio 2017\projects\bradycodechallenge\bradycodechallenge\debug\bradycod.a0f49bf0.tlog\metagen.write.1.tlog
c:\users\kiera\onedrive\documents\visual studio 2017\projects\bradycodechallenge\bradycodechallenge\debug\bradycod.a0f49bf0.tlog\tzres.dll.bi
